<?xml version="1.0" encoding="UTF-8"?>
<!-- Generated by org.testng.reporters.JUnitXMLReporter -->
<testsuite hostname="DESKTOP-2L9NM0M" ignored="0" name="Test" tests="1" failures="1" timestamp="2021-02-17T18:04:24 IST" time="28.453" errors="0">
  <testcase name="buyMyntaProduct" time="19.204" classname="regressionscripts.Myntra">
    <failure type="java.lang.AssertionError" message="null">
      <![CDATA[java.lang.AssertionError: null
at generic.Basepage.verifyElement(Basepage.java:29)
at pom.BuyAnoukKurtaPage.selectSize(BuyAnoukKurtaPage.java:26)
at regressionscripts.Myntra.buyMyntaProduct(Myntra.java:36)
at java.util.ArrayList.forEach(Unknown Source)
... Removed 33 stack frames]]>
    </failure>
  </testcase> <!-- buyMyntaProduct -->
</testsuite> <!-- Test -->
