<?xml version="1.0" encoding="UTF-8"?>
<testng-results skipped="0" failed="1" ignored="0" total="1" passed="0">
  <reporter-output>
    <line>
      <![CDATA[Element found]]>
    </line>
    <line>
      <![CDATA[Element found]]>
    </line>
    <line>
      <![CDATA[Element found]]>
    </line>
    <line>
      <![CDATA[Element not found]]>
    </line>
  </reporter-output>
  <suite name="Suite" duration-ms="28453" started-at="2021-02-17T18:03:55 IST" finished-at="2021-02-17T18:04:24 IST">
    <groups>
    </groups>
    <test name="Test" duration-ms="28453" started-at="2021-02-17T18:03:55 IST" finished-at="2021-02-17T18:04:24 IST">
      <class name="regressionscripts.Myntra">
        <test-method status="PASS" signature="setUp()[pri:0, instance:regressionscripts.Myntra@3b0143d3]" name="setUp" is-config="true" duration-ms="301" started-at="2021-02-17T18:03:55 IST" finished-at="2021-02-17T18:03:55 IST">
          <reporter-output>
          </reporter-output>
        </test-method> <!-- setUp -->
        <test-method status="PASS" signature="openApp()[pri:0, instance:regressionscripts.Myntra@3b0143d3]" name="openApp" is-config="true" duration-ms="7850" started-at="2021-02-17T18:03:55 IST" finished-at="2021-02-17T18:04:03 IST">
          <reporter-output>
          </reporter-output>
        </test-method> <!-- openApp -->
        <test-method status="FAIL" signature="buyMyntaProduct()[pri:0, instance:regressionscripts.Myntra@3b0143d3]" name="buyMyntaProduct" duration-ms="19204" started-at="2021-02-17T18:04:03 IST" finished-at="2021-02-17T18:04:22 IST">
          <exception class="java.lang.AssertionError">
            <message>
              <![CDATA[null]]>
            </message>
            <full-stacktrace>
              <![CDATA[java.lang.AssertionError: null
at org.testng.Assert.fail(Assert.java:99)
at org.testng.Assert.fail(Assert.java:106)
at generic.Basepage.verifyElement(Basepage.java:29)
at pom.BuyAnoukKurtaPage.selectSize(BuyAnoukKurtaPage.java:26)
at regressionscripts.Myntra.buyMyntaProduct(Myntra.java:36)
at sun.reflect.NativeMethodAccessorImpl.invoke0(Native Method)
at sun.reflect.NativeMethodAccessorImpl.invoke(Unknown Source)
at sun.reflect.DelegatingMethodAccessorImpl.invoke(Unknown Source)
at java.lang.reflect.Method.invoke(Unknown Source)
at org.testng.internal.MethodInvocationHelper.invokeMethod(MethodInvocationHelper.java:132)
at org.testng.internal.TestInvoker.invokeMethod(TestInvoker.java:599)
at org.testng.internal.TestInvoker.invokeTestMethod(TestInvoker.java:174)
at org.testng.internal.MethodRunner.runInSequence(MethodRunner.java:46)
at org.testng.internal.TestInvoker$MethodInvocationAgent.invoke(TestInvoker.java:822)
at org.testng.internal.TestInvoker.invokeTestMethods(TestInvoker.java:147)
at org.testng.internal.TestMethodWorker.invokeTestMethods(TestMethodWorker.java:146)
at org.testng.internal.TestMethodWorker.run(TestMethodWorker.java:128)
at java.util.ArrayList.forEach(Unknown Source)
at org.testng.TestRunner.privateRun(TestRunner.java:764)
at org.testng.TestRunner.run(TestRunner.java:585)
at org.testng.SuiteRunner.runTest(SuiteRunner.java:384)
at org.testng.SuiteRunner.runSequentially(SuiteRunner.java:378)
at org.testng.SuiteRunner.privateRun(SuiteRunner.java:337)
at org.testng.SuiteRunner.run(SuiteRunner.java:286)
at org.testng.SuiteRunnerWorker.runSuite(SuiteRunnerWorker.java:53)
at org.testng.SuiteRunnerWorker.run(SuiteRunnerWorker.java:96)
at org.testng.TestNG.runSuitesSequentially(TestNG.java:1218)
at org.testng.TestNG.runSuitesLocally(TestNG.java:1140)
at org.testng.TestNG.runSuites(TestNG.java:1069)
at org.testng.TestNG.run(TestNG.java:1037)
at org.apache.maven.surefire.testng.TestNGExecutor.run(TestNGExecutor.java:284)
at org.apache.maven.surefire.testng.TestNGXmlTestSuite.execute(TestNGXmlTestSuite.java:75)
at org.apache.maven.surefire.testng.TestNGProvider.invoke(TestNGProvider.java:119)
at org.apache.maven.surefire.booter.ForkedBooter.runSuitesInProcess(ForkedBooter.java:428)
at org.apache.maven.surefire.booter.ForkedBooter.execute(ForkedBooter.java:162)
at org.apache.maven.surefire.booter.ForkedBooter.run(ForkedBooter.java:562)
at org.apache.maven.surefire.booter.ForkedBooter.main(ForkedBooter.java:548)
]]>
            </full-stacktrace>
          </exception> <!-- java.lang.AssertionError -->
          <reporter-output>
            <line>
              <![CDATA[Element found]]>
            </line>
            <line>
              <![CDATA[Element found]]>
            </line>
            <line>
              <![CDATA[Element found]]>
            </line>
            <line>
              <![CDATA[Element not found]]>
            </line>
          </reporter-output>
        </test-method> <!-- buyMyntaProduct -->
        <test-method status="PASS" signature="closeApp(org.testng.ITestResult)[pri:0, instance:regressionscripts.Myntra@3b0143d3]" name="closeApp" is-config="true" duration-ms="1351" started-at="2021-02-17T18:04:22 IST" finished-at="2021-02-17T18:04:24 IST">
          <params>
            <param index="0">
              <value>
                <![CDATA[[TestResult name=buyMyntaProduct status=FAILURE method=Myntra.buyMyntaProduct()[pri:0, instance:regressionscripts.Myntra@3b0143d3] output=Element found]]]>
              </value>
            </param>
          </params>
          <reporter-output>
          </reporter-output>
        </test-method> <!-- closeApp -->
        <test-method status="PASS" signature="tearDown()[pri:0, instance:regressionscripts.Myntra@3b0143d3]" name="tearDown" is-config="true" duration-ms="379" started-at="2021-02-17T18:04:24 IST" finished-at="2021-02-17T18:04:24 IST">
          <reporter-output>
          </reporter-output>
        </test-method> <!-- tearDown -->
      </class> <!-- regressionscripts.Myntra -->
    </test> <!-- Test -->
  </suite> <!-- Suite -->
</testng-results>
